{
  "stats": {
    "suites": 1,
    "tests": 2,
    "passes": 2,
    "pending": 0,
    "failures": 0,
    "start": "2025-05-02T06:08:52.708Z",
    "end": "2025-05-02T06:08:55.092Z",
    "duration": 2384,
    "testsRegistered": 2,
    "passPercent": 100,
    "pendingPercent": 0,
    "other": 0,
    "hasOther": false,
    "skipped": 0,
    "hasSkipped": false
  },
  "results": [
    {
      "uuid": "6ddd6ba1-88d9-4016-b2b2-0bc2b518875f",
      "title": "",
      "fullFile": "cypress\\integration\\page.spec.js",
      "file": "cypress\\integration\\page.spec.js",
      "beforeHooks": [],
      "afterHooks": [],
      "tests": [],
      "suites": [
        {
          "uuid": "37297a3a-41a6-4ff8-b444-684be2af1099",
          "title": "Page",
          "fullFile": "",
          "file": "",
          "beforeHooks": [],
          "afterHooks": [],
          "tests": [
            {
              "title": "should have 3 people",
              "fullTitle": "Page should have 3 people",
              "timedOut": null,
              "duration": 2018,
              "state": "passed",
              "speed": "fast",
              "pass": true,
              "fail": false,
              "pending": false,
              "context": null,
              "code": "cy.get('.Person').should('have.length', 3);",
              "err": {},
              "uuid": "2170fb35-c40f-4d4f-bbc3-b85a53723295",
              "parentUUID": "37297a3a-41a6-4ff8-b444-684be2af1099",
              "isHook": false,
              "skipped": false
            },
            {
              "title": "should have people in the correct order",
              "fullTitle": "Page should have people in the correct order",
              "timedOut": null,
              "duration": 230,
              "state": "passed",
              "speed": "fast",
              "pass": true,
              "fail": false,
              "pending": false,
              "context": null,
              "code": "cy.get('.Person__name').eq(0).should('have.text', 'My name is Misha');\ncy.get('.Person__name').eq(1).should('have.text', 'My name is Olya');\ncy.get('.Person__name').eq(2).should('have.text', 'My name is Alex');",
              "err": {},
              "uuid": "c2eab5c3-df71-4e8b-a070-511f06cc7359",
              "parentUUID": "37297a3a-41a6-4ff8-b444-684be2af1099",
              "isHook": false,
              "skipped": false
            }
          ],
          "suites": [],
          "passes": [
            "2170fb35-c40f-4d4f-bbc3-b85a53723295",
            "c2eab5c3-df71-4e8b-a070-511f06cc7359"
          ],
          "failures": [],
          "pending": [],
          "skipped": [],
          "duration": 2248,
          "root": false,
          "rootEmpty": false,
          "_timeout": 2000
        }
      ],
      "passes": [],
      "failures": [],
      "pending": [],
      "skipped": [],
      "duration": 0,
      "root": true,
      "rootEmpty": true,
      "_timeout": 2000
    }
  ],
  "meta": {
    "mocha": {
      "version": "7.0.1"
    },
    "mochawesome": {
      "options": {
        "quiet": false,
        "reportFilename": "mochawesome",
        "saveHtml": false,
        "saveJson": true,
        "consoleReporter": "spec",
        "useInlineDiffs": false,
        "code": true
      },
      "version": "7.1.3"
    },
    "marge": {
      "options": {
        "reportDir": "raw_reports",
        "overwrite": false,
        "html": false,
        "json": true
      },
      "version": "6.2.0"
    }
  }
}